c:\users\1\source\repos\xengine\x64\debug\vc142.pdb
c:\users\1\source\repos\xengine\x64\debug\vc142.idb
c:\users\1\source\repos\xengine\x64\debug\shader.obj
c:\users\1\source\repos\xengine\x64\debug\main.obj
c:\users\1\source\repos\xengine\x64\debug\model.obj
c:\users\1\source\repos\xengine\x64\debug\input.obj
c:\users\1\source\repos\xengine\x64\debug\transform.obj
c:\users\1\source\repos\xengine\x64\debug\player.obj
c:\users\1\source\repos\xengine\x64\debug\helper.obj
c:\users\1\source\repos\xengine\x64\debug\component.obj
c:\users\1\source\repos\xengine\x64\debug\gameobject.obj
c:\users\1\source\repos\xengine\x64\debug\camera.obj
c:\users\1\source\repos\xengine\x64\debug\xengine.ilk
c:\users\1\source\repos\xengine\x64\debug\xengine.exe
c:\users\1\source\repos\xengine\x64\debug\xengine.pdb
c:\users\1\source\repos\xengine\x64\debug\xengine.tlog\cl.command.1.tlog
c:\users\1\source\repos\xengine\x64\debug\xengine.tlog\cl.read.1.tlog
c:\users\1\source\repos\xengine\x64\debug\xengine.tlog\cl.write.1.tlog
c:\users\1\source\repos\xengine\x64\debug\xengine.tlog\link-cvtres.read.1.tlog
c:\users\1\source\repos\xengine\x64\debug\xengine.tlog\link-cvtres.write.1.tlog
c:\users\1\source\repos\xengine\x64\debug\xengine.tlog\link-rc.read.1.tlog
c:\users\1\source\repos\xengine\x64\debug\xengine.tlog\link-rc.write.1.tlog
c:\users\1\source\repos\xengine\x64\debug\xengine.tlog\link.2380-cvtres.read.1.tlog
c:\users\1\source\repos\xengine\x64\debug\xengine.tlog\link.2380-cvtres.write.1.tlog
c:\users\1\source\repos\xengine\x64\debug\xengine.tlog\link.2380-rc.read.1.tlog
c:\users\1\source\repos\xengine\x64\debug\xengine.tlog\link.2380-rc.write.1.tlog
c:\users\1\source\repos\xengine\x64\debug\xengine.tlog\link.2380.read.1.tlog
c:\users\1\source\repos\xengine\x64\debug\xengine.tlog\link.2380.write.1.tlog
c:\users\1\source\repos\xengine\x64\debug\xengine.tlog\link.command.1.tlog
c:\users\1\source\repos\xengine\x64\debug\xengine.tlog\link.read.1.tlog
c:\users\1\source\repos\xengine\x64\debug\xengine.tlog\link.write.1.tlog
